The system is: Linux - 2.6.32-431.el6.x86_64 - x86_64
Compiling the C compiler identification source file "CMakeCCompilerId.c" succeeded.
Compiler: /usr/bin/cc 
Build flags: 
Id flags: 

The output was:
0


Compilation of the C compiler identification source "CMakeCCompilerId.c" produced "a.out"

The C compiler identification is GNU, found in "/home/chenhui/goodcoder/CMakeFiles/2.8.12.2/CompilerIdC/a.out"

Compiling the CXX compiler identification source file "CMakeCXXCompilerId.cpp" succeeded.
Compiler: /usr/bin/c++ 
Build flags: 
Id flags: 

The output was:
0


Compilation of the CXX compiler identification source "CMakeCXXCompilerId.cpp" produced "a.out"

The CXX compiler identification is GNU, found in "/home/chenhui/goodcoder/CMakeFiles/2.8.12.2/CompilerIdCXX/a.out"

Determining if the C compiler works passed with the following output:
Change Dir: /home/chenhui/goodcoder/CMakeFiles/CMakeTmp

Run Build Command:/usr/bin/gmake "cmTryCompileExec3310628302/fast"
/usr/bin/gmake -f CMakeFiles/cmTryCompileExec3310628302.dir/build.make CMakeFiles/cmTryCompileExec3310628302.dir/build
gmake[1]: Entering directory `/home/chenhui/goodcoder/CMakeFiles/CMakeTmp'
/usr/bin/cmake -E cmake_progress_report /home/chenhui/goodcoder/CMakeFiles/CMakeTmp/CMakeFiles 1
Building C object CMakeFiles/cmTryCompileExec3310628302.dir/testCCompiler.c.o
/usr/bin/cc    -o CMakeFiles/cmTryCompileExec3310628302.dir/testCCompiler.c.o   -c /home/chenhui/goodcoder/CMakeFiles/CMakeTmp/testCCompiler.c
Linking C executable cmTryCompileExec3310628302
/usr/bin/cmake -E cmake_link_script CMakeFiles/cmTryCompileExec3310628302.dir/link.txt --verbose=1
/usr/bin/cc       CMakeFiles/cmTryCompileExec3310628302.dir/testCCompiler.c.o  -o cmTryCompileExec3310628302 -rdynamic 
gmake[1]: Leaving directory `/home/chenhui/goodcoder/CMakeFiles/CMakeTmp'


Detecting C compiler ABI info compiled with the following output:
Change Dir: /home/chenhui/goodcoder/CMakeFiles/CMakeTmp

Run Build Command:/usr/bin/gmake "cmTryCompileExec378805612/fast"
/usr/bin/gmake -f CMakeFiles/cmTryCompileExec378805612.dir/build.make CMakeFiles/cmTryCompileExec378805612.dir/build
gmake[1]: Entering directory `/home/chenhui/goodcoder/CMakeFiles/CMakeTmp'
/usr/bin/cmake -E cmake_progress_report /home/chenhui/goodcoder/CMakeFiles/CMakeTmp/CMakeFiles 1
Building C object CMakeFiles/cmTryCompileExec378805612.dir/CMakeCCompilerABI.c.o
/usr/bin/cc    -o CMakeFiles/cmTryCompileExec378805612.dir/CMakeCCompilerABI.c.o   -c /usr/share/cmake/Modules/CMakeCCompilerABI.c
Linking C executable cmTryCompileExec378805612
/usr/bin/cmake -E cmake_link_script CMakeFiles/cmTryCompileExec378805612.dir/link.txt --verbose=1
/usr/bin/cc     -v CMakeFiles/cmTryCompileExec378805612.dir/CMakeCCompilerABI.c.o  -o cmTryCompileExec378805612 -rdynamic  
Using built-in specs.
Target: x86_64-redhat-linux
Configured with: ../configure --prefix=/usr --mandir=/usr/share/man --infodir=/usr/share/info --with-bugurl=http://bugzilla.redhat.com/bugzilla --enable-bootstrap --enable-shared --enable-threads=posix --enable-checking=release --with-system-zlib --enable-__cxa_atexit --disable-libunwind-exceptions --enable-gnu-unique-object --enable-languages=c,c++,objc,obj-c++,java,fortran,ada --enable-java-awt=gtk --disable-dssi --with-java-home=/usr/lib/jvm/java-1.5.0-gcj-1.5.0.0/jre --enable-libgcj-multifile --enable-java-maintainer-mode --with-ecj-jar=/usr/share/java/eclipse-ecj.jar --disable-libjava-multilib --with-ppl --with-cloog --with-tune=generic --with-arch_32=i686 --build=x86_64-redhat-linux
Thread model: posix
gcc version 4.4.7 20120313 (Red Hat 4.4.7-11) (GCC) 
COMPILER_PATH=/usr/libexec/gcc/x86_64-redhat-linux/4.4.7/:/usr/libexec/gcc/x86_64-redhat-linux/4.4.7/:/usr/libexec/gcc/x86_64-redhat-linux/:/usr/lib/gcc/x86_64-redhat-linux/4.4.7/:/usr/lib/gcc/x86_64-redhat-linux/:/usr/libexec/gcc/x86_64-redhat-linux/4.4.7/:/usr/libexec/gcc/x86_64-redhat-linux/:/usr/lib/gcc/x86_64-redhat-linux/4.4.7/:/usr/lib/gcc/x86_64-redhat-linux/
LIBRARY_PATH=/usr/lib/gcc/x86_64-redhat-linux/4.4.7/:/usr/lib/gcc/x86_64-redhat-linux/4.4.7/:/usr/lib/gcc/x86_64-redhat-linux/4.4.7/../../../../lib64/:/lib/../lib64/:/usr/lib/../lib64/:/usr/lib/gcc/x86_64-redhat-linux/4.4.7/../../../:/lib/:/usr/lib/
COLLECT_GCC_OPTIONS='-v' '-o' 'cmTryCompileExec378805612' '-rdynamic' '-mtune=generic'
 /usr/libexec/gcc/x86_64-redhat-linux/4.4.7/collect2 --eh-frame-hdr --build-id -m elf_x86_64 --hash-style=gnu -export-dynamic -dynamic-linker /lib64/ld-linux-x86-64.so.2 -o cmTryCompileExec378805612 /usr/lib/gcc/x86_64-redhat-linux/4.4.7/../../../../lib64/crt1.o /usr/lib/gcc/x86_64-redhat-linux/4.4.7/../../../../lib64/crti.o /usr/lib/gcc/x86_64-redhat-linux/4.4.7/crtbegin.o -L/usr/lib/gcc/x86_64-redhat-linux/4.4.7 -L/usr/lib/gcc/x86_64-redhat-linux/4.4.7 -L/usr/lib/gcc/x86_64-redhat-linux/4.4.7/../../../../lib64 -L/lib/../lib64 -L/usr/lib/../lib64 -L/usr/lib/gcc/x86_64-redhat-linux/4.4.7/../../.. CMakeFiles/cmTryCompileExec378805612.dir/CMakeCCompilerABI.c.o -lgcc --as-needed -lgcc_s --no-as-needed -lc -lgcc --as-needed -lgcc_s --no-as-needed /usr/lib/gcc/x86_64-redhat-linux/4.4.7/crtend.o /usr/lib/gcc/x86_64-redhat-linux/4.4.7/../../../../lib64/crtn.o
gmake[1]: Leaving directory `/home/chenhui/goodcoder/CMakeFiles/CMakeTmp'


Parsed C implicit link information from above output:
  link line regex: [^( *|.*[/\])(ld|([^/\]+-)?ld|collect2)[^/\]*( |$)]
  ignore line: [Change Dir: /home/chenhui/goodcoder/CMakeFiles/CMakeTmp]
  ignore line: []
  ignore line: [Run Build Command:/usr/bin/gmake "cmTryCompileExec378805612/fast"]
  ignore line: [/usr/bin/gmake -f CMakeFiles/cmTryCompileExec378805612.dir/build.make CMakeFiles/cmTryCompileExec378805612.dir/build]
  ignore line: [gmake[1]: Entering directory `/home/chenhui/goodcoder/CMakeFiles/CMakeTmp']
  ignore line: [/usr/bin/cmake -E cmake_progress_report /home/chenhui/goodcoder/CMakeFiles/CMakeTmp/CMakeFiles 1]
  ignore line: [Building C object CMakeFiles/cmTryCompileExec378805612.dir/CMakeCCompilerABI.c.o]
  ignore line: [/usr/bin/cc    -o CMakeFiles/cmTryCompileExec378805612.dir/CMakeCCompilerABI.c.o   -c /usr/share/cmake/Modules/CMakeCCompilerABI.c]
  ignore line: [Linking C executable cmTryCompileExec378805612]
  ignore line: [/usr/bin/cmake -E cmake_link_script CMakeFiles/cmTryCompileExec378805612.dir/link.txt --verbose=1]
  ignore line: [/usr/bin/cc     -v CMakeFiles/cmTryCompileExec378805612.dir/CMakeCCompilerABI.c.o  -o cmTryCompileExec378805612 -rdynamic  ]
  ignore line: [Using built-in specs.]
  ignore line: [Target: x86_64-redhat-linux]
  ignore line: [Configured with: ../configure --prefix=/usr --mandir=/usr/share/man --infodir=/usr/share/info --with-bugurl=http://bugzilla.redhat.com/bugzilla --enable-bootstrap --enable-shared --enable-threads=posix --enable-checking=release --with-system-zlib --enable-__cxa_atexit --disable-libunwind-exceptions --enable-gnu-unique-object --enable-languages=c,c++,objc,obj-c++,java,fortran,ada --enable-java-awt=gtk --disable-dssi --with-java-home=/usr/lib/jvm/java-1.5.0-gcj-1.5.0.0/jre --enable-libgcj-multifile --enable-java-maintainer-mode --with-ecj-jar=/usr/share/java/eclipse-ecj.jar --disable-libjava-multilib --with-ppl --with-cloog --with-tune=generic --with-arch_32=i686 --build=x86_64-redhat-linux]
  ignore line: [Thread model: posix]
  ignore line: [gcc version 4.4.7 20120313 (Red Hat 4.4.7-11) (GCC) ]
  ignore line: [COMPILER_PATH=/usr/libexec/gcc/x86_64-redhat-linux/4.4.7/:/usr/libexec/gcc/x86_64-redhat-linux/4.4.7/:/usr/libexec/gcc/x86_64-redhat-linux/:/usr/lib/gcc/x86_64-redhat-linux/4.4.7/:/usr/lib/gcc/x86_64-redhat-linux/:/usr/libexec/gcc/x86_64-redhat-linux/4.4.7/:/usr/libexec/gcc/x86_64-redhat-linux/:/usr/lib/gcc/x86_64-redhat-linux/4.4.7/:/usr/lib/gcc/x86_64-redhat-linux/]
  ignore line: [LIBRARY_PATH=/usr/lib/gcc/x86_64-redhat-linux/4.4.7/:/usr/lib/gcc/x86_64-redhat-linux/4.4.7/:/usr/lib/gcc/x86_64-redhat-linux/4.4.7/../../../../lib64/:/lib/../lib64/:/usr/lib/../lib64/:/usr/lib/gcc/x86_64-redhat-linux/4.4.7/../../../:/lib/:/usr/lib/]
  ignore line: [COLLECT_GCC_OPTIONS='-v' '-o' 'cmTryCompileExec378805612' '-rdynamic' '-mtune=generic']
  link line: [ /usr/libexec/gcc/x86_64-redhat-linux/4.4.7/collect2 --eh-frame-hdr --build-id -m elf_x86_64 --hash-style=gnu -export-dynamic -dynamic-linker /lib64/ld-linux-x86-64.so.2 -o cmTryCompileExec378805612 /usr/lib/gcc/x86_64-redhat-linux/4.4.7/../../../../lib64/crt1.o /usr/lib/gcc/x86_64-redhat-linux/4.4.7/../../../../lib64/crti.o /usr/lib/gcc/x86_64-redhat-linux/4.4.7/crtbegin.o -L/usr/lib/gcc/x86_64-redhat-linux/4.4.7 -L/usr/lib/gcc/x86_64-redhat-linux/4.4.7 -L/usr/lib/gcc/x86_64-redhat-linux/4.4.7/../../../../lib64 -L/lib/../lib64 -L/usr/lib/../lib64 -L/usr/lib/gcc/x86_64-redhat-linux/4.4.7/../../.. CMakeFiles/cmTryCompileExec378805612.dir/CMakeCCompilerABI.c.o -lgcc --as-needed -lgcc_s --no-as-needed -lc -lgcc --as-needed -lgcc_s --no-as-needed /usr/lib/gcc/x86_64-redhat-linux/4.4.7/crtend.o /usr/lib/gcc/x86_64-redhat-linux/4.4.7/../../../../lib64/crtn.o]
    arg [/usr/libexec/gcc/x86_64-redhat-linux/4.4.7/collect2] ==> ignore
    arg [--eh-frame-hdr] ==> ignore
    arg [--build-id] ==> ignore
    arg [-m] ==> ignore
    arg [elf_x86_64] ==> ignore
    arg [--hash-style=gnu] ==> ignore
    arg [-export-dynamic] ==> ignore
    arg [-dynamic-linker] ==> ignore
    arg [/lib64/ld-linux-x86-64.so.2] ==> ignore
    arg [-o] ==> ignore
    arg [cmTryCompileExec378805612] ==> ignore
    arg [/usr/lib/gcc/x86_64-redhat-linux/4.4.7/../../../../lib64/crt1.o] ==> ignore
    arg [/usr/lib/gcc/x86_64-redhat-linux/4.4.7/../../../../lib64/crti.o] ==> ignore
    arg [/usr/lib/gcc/x86_64-redhat-linux/4.4.7/crtbegin.o] ==> ignore
    arg [-L/usr/lib/gcc/x86_64-redhat-linux/4.4.7] ==> dir [/usr/lib/gcc/x86_64-redhat-linux/4.4.7]
    arg [-L/usr/lib/gcc/x86_64-redhat-linux/4.4.7] ==> dir [/usr/lib/gcc/x86_64-redhat-linux/4.4.7]
    arg [-L/usr/lib/gcc/x86_64-redhat-linux/4.4.7/../../../../lib64] ==> dir [/usr/lib/gcc/x86_64-redhat-linux/4.4.7/../../../../lib64]
    arg [-L/lib/../lib64] ==> dir [/lib/../lib64]
    arg [-L/usr/lib/../lib64] ==> dir [/usr/lib/../lib64]
    arg [-L/usr/lib/gcc/x86_64-redhat-linux/4.4.7/../../..] ==> dir [/usr/lib/gcc/x86_64-redhat-linux/4.4.7/../../..]
    arg [CMakeFiles/cmTryCompileExec378805612.dir/CMakeCCompilerABI.c.o] ==> ignore
    arg [-lgcc] ==> lib [gcc]
    arg [--as-needed] ==> ignore
    arg [-lgcc_s] ==> lib [gcc_s]
    arg [--no-as-needed] ==> ignore
    arg [-lc] ==> lib [c]
    arg [-lgcc] ==> lib [gcc]
    arg [--as-needed] ==> ignore
    arg [-lgcc_s] ==> lib [gcc_s]
    arg [--no-as-needed] ==> ignore
    arg [/usr/lib/gcc/x86_64-redhat-linux/4.4.7/crtend.o] ==> ignore
    arg [/usr/lib/gcc/x86_64-redhat-linux/4.4.7/../../../../lib64/crtn.o] ==> ignore
  remove lib [gcc]
  remove lib [gcc_s]
  remove lib [gcc]
  remove lib [gcc_s]
  collapse library dir [/usr/lib/gcc/x86_64-redhat-linux/4.4.7] ==> [/usr/lib/gcc/x86_64-redhat-linux/4.4.7]
  collapse library dir [/usr/lib/gcc/x86_64-redhat-linux/4.4.7] ==> [/usr/lib/gcc/x86_64-redhat-linux/4.4.7]
  collapse library dir [/usr/lib/gcc/x86_64-redhat-linux/4.4.7/../../../../lib64] ==> [/usr/lib64]
  collapse library dir [/lib/../lib64] ==> [/lib64]
  collapse library dir [/usr/lib/../lib64] ==> [/usr/lib64]
  collapse library dir [/usr/lib/gcc/x86_64-redhat-linux/4.4.7/../../..] ==> [/usr/lib]
  implicit libs: [c]
  implicit dirs: [/usr/lib/gcc/x86_64-redhat-linux/4.4.7;/usr/lib64;/lib64;/usr/lib]
  implicit fwks: []


Determining if the CXX compiler works passed with the following output:
Change Dir: /home/chenhui/goodcoder/CMakeFiles/CMakeTmp

Run Build Command:/usr/bin/gmake "cmTryCompileExec994213330/fast"
/usr/bin/gmake -f CMakeFiles/cmTryCompileExec994213330.dir/build.make CMakeFiles/cmTryCompileExec994213330.dir/build
gmake[1]: Entering directory `/home/chenhui/goodcoder/CMakeFiles/CMakeTmp'
/usr/bin/cmake -E cmake_progress_report /home/chenhui/goodcoder/CMakeFiles/CMakeTmp/CMakeFiles 1
Building CXX object CMakeFiles/cmTryCompileExec994213330.dir/testCXXCompiler.cxx.o
/usr/bin/c++     -o CMakeFiles/cmTryCompileExec994213330.dir/testCXXCompiler.cxx.o -c /home/chenhui/goodcoder/CMakeFiles/CMakeTmp/testCXXCompiler.cxx
Linking CXX executable cmTryCompileExec994213330
/usr/bin/cmake -E cmake_link_script CMakeFiles/cmTryCompileExec994213330.dir/link.txt --verbose=1
/usr/bin/c++        CMakeFiles/cmTryCompileExec994213330.dir/testCXXCompiler.cxx.o  -o cmTryCompileExec994213330 -rdynamic 
gmake[1]: Leaving directory `/home/chenhui/goodcoder/CMakeFiles/CMakeTmp'


Detecting CXX compiler ABI info compiled with the following output:
Change Dir: /home/chenhui/goodcoder/CMakeFiles/CMakeTmp

Run Build Command:/usr/bin/gmake "cmTryCompileExec4217541200/fast"
/usr/bin/gmake -f CMakeFiles/cmTryCompileExec4217541200.dir/build.make CMakeFiles/cmTryCompileExec4217541200.dir/build
gmake[1]: Entering directory `/home/chenhui/goodcoder/CMakeFiles/CMakeTmp'
/usr/bin/cmake -E cmake_progress_report /home/chenhui/goodcoder/CMakeFiles/CMakeTmp/CMakeFiles 1
Building CXX object CMakeFiles/cmTryCompileExec4217541200.dir/CMakeCXXCompilerABI.cpp.o
/usr/bin/c++     -o CMakeFiles/cmTryCompileExec4217541200.dir/CMakeCXXCompilerABI.cpp.o -c /usr/share/cmake/Modules/CMakeCXXCompilerABI.cpp
Linking CXX executable cmTryCompileExec4217541200
/usr/bin/cmake -E cmake_link_script CMakeFiles/cmTryCompileExec4217541200.dir/link.txt --verbose=1
/usr/bin/c++      -v CMakeFiles/cmTryCompileExec4217541200.dir/CMakeCXXCompilerABI.cpp.o  -o cmTryCompileExec4217541200 -rdynamic  
Using built-in specs.
Target: x86_64-redhat-linux
Configured with: ../configure --prefix=/usr --mandir=/usr/share/man --infodir=/usr/share/info --with-bugurl=http://bugzilla.redhat.com/bugzilla --enable-bootstrap --enable-shared --enable-threads=posix --enable-checking=release --with-system-zlib --enable-__cxa_atexit --disable-libunwind-exceptions --enable-gnu-unique-object --enable-languages=c,c++,objc,obj-c++,java,fortran,ada --enable-java-awt=gtk --disable-dssi --with-java-home=/usr/lib/jvm/java-1.5.0-gcj-1.5.0.0/jre --enable-libgcj-multifile --enable-java-maintainer-mode --with-ecj-jar=/usr/share/java/eclipse-ecj.jar --disable-libjava-multilib --with-ppl --with-cloog --with-tune=generic --with-arch_32=i686 --build=x86_64-redhat-linux
Thread model: posix
gcc version 4.4.7 20120313 (Red Hat 4.4.7-11) (GCC) 
COMPILER_PATH=/usr/libexec/gcc/x86_64-redhat-linux/4.4.7/:/usr/libexec/gcc/x86_64-redhat-linux/4.4.7/:/usr/libexec/gcc/x86_64-redhat-linux/:/usr/lib/gcc/x86_64-redhat-linux/4.4.7/:/usr/lib/gcc/x86_64-redhat-linux/:/usr/libexec/gcc/x86_64-redhat-linux/4.4.7/:/usr/libexec/gcc/x86_64-redhat-linux/:/usr/lib/gcc/x86_64-redhat-linux/4.4.7/:/usr/lib/gcc/x86_64-redhat-linux/
LIBRARY_PATH=/usr/lib/gcc/x86_64-redhat-linux/4.4.7/:/usr/lib/gcc/x86_64-redhat-linux/4.4.7/:/usr/lib/gcc/x86_64-redhat-linux/4.4.7/../../../../lib64/:/lib/../lib64/:/usr/lib/../lib64/:/usr/lib/gcc/x86_64-redhat-linux/4.4.7/../../../:/lib/:/usr/lib/
COLLECT_GCC_OPTIONS='-v' '-o' 'cmTryCompileExec4217541200' '-rdynamic' '-shared-libgcc' '-mtune=generic'
 /usr/libexec/gcc/x86_64-redhat-linux/4.4.7/collect2 --eh-frame-hdr --build-id -m elf_x86_64 --hash-style=gnu -export-dynamic -dynamic-linker /lib64/ld-linux-x86-64.so.2 -o cmTryCompileExec4217541200 /usr/lib/gcc/x86_64-redhat-linux/4.4.7/../../../../lib64/crt1.o /usr/lib/gcc/x86_64-redhat-linux/4.4.7/../../../../lib64/crti.o /usr/lib/gcc/x86_64-redhat-linux/4.4.7/crtbegin.o -L/usr/lib/gcc/x86_64-redhat-linux/4.4.7 -L/usr/lib/gcc/x86_64-redhat-linux/4.4.7 -L/usr/lib/gcc/x86_64-redhat-linux/4.4.7/../../../../lib64 -L/lib/../lib64 -L/usr/lib/../lib64 -L/usr/lib/gcc/x86_64-redhat-linux/4.4.7/../../.. CMakeFiles/cmTryCompileExec4217541200.dir/CMakeCXXCompilerABI.cpp.o -lstdc++ -lm -lgcc_s -lgcc -lc -lgcc_s -lgcc /usr/lib/gcc/x86_64-redhat-linux/4.4.7/crtend.o /usr/lib/gcc/x86_64-redhat-linux/4.4.7/../../../../lib64/crtn.o
gmake[1]: Leaving directory `/home/chenhui/goodcoder/CMakeFiles/CMakeTmp'


Parsed CXX implicit link information from above output:
  link line regex: [^( *|.*[/\])(ld|([^/\]+-)?ld|collect2)[^/\]*( |$)]
  ignore line: [Change Dir: /home/chenhui/goodcoder/CMakeFiles/CMakeTmp]
  ignore line: []
  ignore line: [Run Build Command:/usr/bin/gmake "cmTryCompileExec4217541200/fast"]
  ignore line: [/usr/bin/gmake -f CMakeFiles/cmTryCompileExec4217541200.dir/build.make CMakeFiles/cmTryCompileExec4217541200.dir/build]
  ignore line: [gmake[1]: Entering directory `/home/chenhui/goodcoder/CMakeFiles/CMakeTmp']
  ignore line: [/usr/bin/cmake -E cmake_progress_report /home/chenhui/goodcoder/CMakeFiles/CMakeTmp/CMakeFiles 1]
  ignore line: [Building CXX object CMakeFiles/cmTryCompileExec4217541200.dir/CMakeCXXCompilerABI.cpp.o]
  ignore line: [/usr/bin/c++     -o CMakeFiles/cmTryCompileExec4217541200.dir/CMakeCXXCompilerABI.cpp.o -c /usr/share/cmake/Modules/CMakeCXXCompilerABI.cpp]
  ignore line: [Linking CXX executable cmTryCompileExec4217541200]
  ignore line: [/usr/bin/cmake -E cmake_link_script CMakeFiles/cmTryCompileExec4217541200.dir/link.txt --verbose=1]
  ignore line: [/usr/bin/c++      -v CMakeFiles/cmTryCompileExec4217541200.dir/CMakeCXXCompilerABI.cpp.o  -o cmTryCompileExec4217541200 -rdynamic  ]
  ignore line: [Using built-in specs.]
  ignore line: [Target: x86_64-redhat-linux]
  ignore line: [Configured with: ../configure --prefix=/usr --mandir=/usr/share/man --infodir=/usr/share/info --with-bugurl=http://bugzilla.redhat.com/bugzilla --enable-bootstrap --enable-shared --enable-threads=posix --enable-checking=release --with-system-zlib --enable-__cxa_atexit --disable-libunwind-exceptions --enable-gnu-unique-object --enable-languages=c,c++,objc,obj-c++,java,fortran,ada --enable-java-awt=gtk --disable-dssi --with-java-home=/usr/lib/jvm/java-1.5.0-gcj-1.5.0.0/jre --enable-libgcj-multifile --enable-java-maintainer-mode --with-ecj-jar=/usr/share/java/eclipse-ecj.jar --disable-libjava-multilib --with-ppl --with-cloog --with-tune=generic --with-arch_32=i686 --build=x86_64-redhat-linux]
  ignore line: [Thread model: posix]
  ignore line: [gcc version 4.4.7 20120313 (Red Hat 4.4.7-11) (GCC) ]
  ignore line: [COMPILER_PATH=/usr/libexec/gcc/x86_64-redhat-linux/4.4.7/:/usr/libexec/gcc/x86_64-redhat-linux/4.4.7/:/usr/libexec/gcc/x86_64-redhat-linux/:/usr/lib/gcc/x86_64-redhat-linux/4.4.7/:/usr/lib/gcc/x86_64-redhat-linux/:/usr/libexec/gcc/x86_64-redhat-linux/4.4.7/:/usr/libexec/gcc/x86_64-redhat-linux/:/usr/lib/gcc/x86_64-redhat-linux/4.4.7/:/usr/lib/gcc/x86_64-redhat-linux/]
  ignore line: [LIBRARY_PATH=/usr/lib/gcc/x86_64-redhat-linux/4.4.7/:/usr/lib/gcc/x86_64-redhat-linux/4.4.7/:/usr/lib/gcc/x86_64-redhat-linux/4.4.7/../../../../lib64/:/lib/../lib64/:/usr/lib/../lib64/:/usr/lib/gcc/x86_64-redhat-linux/4.4.7/../../../:/lib/:/usr/lib/]
  ignore line: [COLLECT_GCC_OPTIONS='-v' '-o' 'cmTryCompileExec4217541200' '-rdynamic' '-shared-libgcc' '-mtune=generic']
  link line: [ /usr/libexec/gcc/x86_64-redhat-linux/4.4.7/collect2 --eh-frame-hdr --build-id -m elf_x86_64 --hash-style=gnu -export-dynamic -dynamic-linker /lib64/ld-linux-x86-64.so.2 -o cmTryCompileExec4217541200 /usr/lib/gcc/x86_64-redhat-linux/4.4.7/../../../../lib64/crt1.o /usr/lib/gcc/x86_64-redhat-linux/4.4.7/../../../../lib64/crti.o /usr/lib/gcc/x86_64-redhat-linux/4.4.7/crtbegin.o -L/usr/lib/gcc/x86_64-redhat-linux/4.4.7 -L/usr/lib/gcc/x86_64-redhat-linux/4.4.7 -L/usr/lib/gcc/x86_64-redhat-linux/4.4.7/../../../../lib64 -L/lib/../lib64 -L/usr/lib/../lib64 -L/usr/lib/gcc/x86_64-redhat-linux/4.4.7/../../.. CMakeFiles/cmTryCompileExec4217541200.dir/CMakeCXXCompilerABI.cpp.o -lstdc++ -lm -lgcc_s -lgcc -lc -lgcc_s -lgcc /usr/lib/gcc/x86_64-redhat-linux/4.4.7/crtend.o /usr/lib/gcc/x86_64-redhat-linux/4.4.7/../../../../lib64/crtn.o]
    arg [/usr/libexec/gcc/x86_64-redhat-linux/4.4.7/collect2] ==> ignore
    arg [--eh-frame-hdr] ==> ignore
    arg [--build-id] ==> ignore
    arg [-m] ==> ignore
    arg [elf_x86_64] ==> ignore
    arg [--hash-style=gnu] ==> ignore
    arg [-export-dynamic] ==> ignore
    arg [-dynamic-linker] ==> ignore
    arg [/lib64/ld-linux-x86-64.so.2] ==> ignore
    arg [-o] ==> ignore
    arg [cmTryCompileExec4217541200] ==> ignore
    arg [/usr/lib/gcc/x86_64-redhat-linux/4.4.7/../../../../lib64/crt1.o] ==> ignore
    arg [/usr/lib/gcc/x86_64-redhat-linux/4.4.7/../../../../lib64/crti.o] ==> ignore
    arg [/usr/lib/gcc/x86_64-redhat-linux/4.4.7/crtbegin.o] ==> ignore
    arg [-L/usr/lib/gcc/x86_64-redhat-linux/4.4.7] ==> dir [/usr/lib/gcc/x86_64-redhat-linux/4.4.7]
    arg [-L/usr/lib/gcc/x86_64-redhat-linux/4.4.7] ==> dir [/usr/lib/gcc/x86_64-redhat-linux/4.4.7]
    arg [-L/usr/lib/gcc/x86_64-redhat-linux/4.4.7/../../../../lib64] ==> dir [/usr/lib/gcc/x86_64-redhat-linux/4.4.7/../../../../lib64]
    arg [-L/lib/../lib64] ==> dir [/lib/../lib64]
    arg [-L/usr/lib/../lib64] ==> dir [/usr/lib/../lib64]
    arg [-L/usr/lib/gcc/x86_64-redhat-linux/4.4.7/../../..] ==> dir [/usr/lib/gcc/x86_64-redhat-linux/4.4.7/../../..]
    arg [CMakeFiles/cmTryCompileExec4217541200.dir/CMakeCXXCompilerABI.cpp.o] ==> ignore
    arg [-lstdc++] ==> lib [stdc++]
    arg [-lm] ==> lib [m]
    arg [-lgcc_s] ==> lib [gcc_s]
    arg [-lgcc] ==> lib [gcc]
    arg [-lc] ==> lib [c]
    arg [-lgcc_s] ==> lib [gcc_s]
    arg [-lgcc] ==> lib [gcc]
    arg [/usr/lib/gcc/x86_64-redhat-linux/4.4.7/crtend.o] ==> ignore
    arg [/usr/lib/gcc/x86_64-redhat-linux/4.4.7/../../../../lib64/crtn.o] ==> ignore
  remove lib [gcc_s]
  remove lib [gcc]
  remove lib [gcc_s]
  remove lib [gcc]
  collapse library dir [/usr/lib/gcc/x86_64-redhat-linux/4.4.7] ==> [/usr/lib/gcc/x86_64-redhat-linux/4.4.7]
  collapse library dir [/usr/lib/gcc/x86_64-redhat-linux/4.4.7] ==> [/usr/lib/gcc/x86_64-redhat-linux/4.4.7]
  collapse library dir [/usr/lib/gcc/x86_64-redhat-linux/4.4.7/../../../../lib64] ==> [/usr/lib64]
  collapse library dir [/lib/../lib64] ==> [/lib64]
  collapse library dir [/usr/lib/../lib64] ==> [/usr/lib64]
  collapse library dir [/usr/lib/gcc/x86_64-redhat-linux/4.4.7/../../..] ==> [/usr/lib]
  implicit libs: [stdc++;m;c]
  implicit dirs: [/usr/lib/gcc/x86_64-redhat-linux/4.4.7;/usr/lib64;/lib64;/usr/lib]
  implicit fwks: []


The system is: Linux - 2.6.32_1-12-0-0 - x86_64
Compiling the C compiler identification source file "CMakeCCompilerId.c" succeeded.
Compiler: /opt/compiler/gcc-4.8.2/bin/gcc 
Build flags: 
Id flags: 

The output was:
0


Compilation of the C compiler identification source "CMakeCCompilerId.c" produced "a.out"

The C compiler identification is GNU, found in "/home/chenhui/goodcoder/CMakeFiles/CompilerIdC/a.out"

Compiling the CXX compiler identification source file "CMakeCXXCompilerId.cpp" succeeded.
Compiler: /opt/compiler/gcc-4.8.2/bin/c++ 
Build flags: 
Id flags: 

The output was:
0


Compilation of the CXX compiler identification source "CMakeCXXCompilerId.cpp" produced "a.out"

The CXX compiler identification is GNU, found in "/home/chenhui/goodcoder/CMakeFiles/CompilerIdCXX/a.out"

Determining if the C compiler works passed with the following output:
Change Dir: /home/chenhui/goodcoder/CMakeFiles/CMakeTmp

Run Build Command:/usr/bin/gmake "cmTryCompileExec/fast"
/usr/bin/gmake -f CMakeFiles/cmTryCompileExec.dir/build.make CMakeFiles/cmTryCompileExec.dir/build
gmake[1]: Entering directory `/home/chenhui/goodcoder/CMakeFiles/CMakeTmp'
/home/opt/cmake_2.8.4/bin/cmake -E cmake_progress_report /home/chenhui/goodcoder/CMakeFiles/CMakeTmp/CMakeFiles 1
Building C object CMakeFiles/cmTryCompileExec.dir/testCCompiler.c.o
/opt/compiler/gcc-4.8.2/bin/gcc    -o CMakeFiles/cmTryCompileExec.dir/testCCompiler.c.o   -c /home/chenhui/goodcoder/CMakeFiles/CMakeTmp/testCCompiler.c
Linking C executable cmTryCompileExec
/home/opt/cmake_2.8.4/bin/cmake -E cmake_link_script CMakeFiles/cmTryCompileExec.dir/link.txt --verbose=1
/opt/compiler/gcc-4.8.2/bin/gcc        CMakeFiles/cmTryCompileExec.dir/testCCompiler.c.o  -o cmTryCompileExec -rdynamic 
gmake[1]: Leaving directory `/home/chenhui/goodcoder/CMakeFiles/CMakeTmp'


Detecting C compiler ABI info compiled with the following output:
Change Dir: /home/chenhui/goodcoder/CMakeFiles/CMakeTmp

Run Build Command:/usr/bin/gmake "cmTryCompileExec/fast"
/usr/bin/gmake -f CMakeFiles/cmTryCompileExec.dir/build.make CMakeFiles/cmTryCompileExec.dir/build
gmake[1]: Entering directory `/home/chenhui/goodcoder/CMakeFiles/CMakeTmp'
/home/opt/cmake_2.8.4/bin/cmake -E cmake_progress_report /home/chenhui/goodcoder/CMakeFiles/CMakeTmp/CMakeFiles 1
Building C object CMakeFiles/cmTryCompileExec.dir/CMakeCCompilerABI.c.o
/opt/compiler/gcc-4.8.2/bin/gcc    -o CMakeFiles/cmTryCompileExec.dir/CMakeCCompilerABI.c.o   -c /home/opt/cmake_2.8.4/share/cmake-2.8/Modules/CMakeCCompilerABI.c
Linking C executable cmTryCompileExec
/home/opt/cmake_2.8.4/bin/cmake -E cmake_link_script CMakeFiles/cmTryCompileExec.dir/link.txt --verbose=1
/opt/compiler/gcc-4.8.2/bin/gcc       -v CMakeFiles/cmTryCompileExec.dir/CMakeCCompilerABI.c.o  -o cmTryCompileExec -rdynamic  
Reading specs from /home/opt/gcc-4.8.2.bpkg-r2/gcc-4.8.2.bpkg-r2/sbin/../lib/gcc/x86_64-baidu-linux-gnu/4.8.2/specs
COLLECT_GCC=/opt/compiler/gcc-4.8.2/bin/gcc
COLLECT_LTO_WRAPPER=/home/opt/gcc-4.8.2.bpkg-r2/gcc-4.8.2.bpkg-r2/sbin/../libexec/gcc/x86_64-baidu-linux-gnu/4.8.2/lto-wrapper
Target: x86_64-baidu-linux-gnu
Configured with: ../configure CFLAGS=-O2 --host=x86_64-baidu-linux-gnu --target=x86_64-baidu-linux-gnu --prefix=/top --with-sysroot --with-local-prefix=/ --with-native-system-header-dir=/top/include --with-build-sysroot=/top --with-system-libunwind --enable-languages=c,c++ --enable-c99 --enable-threads=posix --enable-__cxa_atexit --enable-libstdcxx-allocator --enable-libstdcxx-threads --enable-libstdcxx-time --enable-libstdcxx-visibility --disable-multilib --disable-bootstrap
Thread model: posix
gcc version 4.8.2 (GCC) 
COMPILER_PATH=/home/opt/gcc-4.8.2.bpkg-r2/gcc-4.8.2.bpkg-r2/sbin/../libexec/gcc/x86_64-baidu-linux-gnu/4.8.2/:/home/opt/gcc-4.8.2.bpkg-r2/gcc-4.8.2.bpkg-r2/sbin/../libexec/gcc/:/home/opt/gcc-4.8.2.bpkg-r2/gcc-4.8.2.bpkg-r2/sbin/../lib/gcc/x86_64-baidu-linux-gnu/4.8.2/../../../../x86_64-baidu-linux-gnu/bin/
LIBRARY_PATH=/home/opt/gcc-4.8.2.bpkg-r2/gcc-4.8.2.bpkg-r2/sbin/../lib/gcc/x86_64-baidu-linux-gnu/4.8.2/:/home/opt/gcc-4.8.2.bpkg-r2/gcc-4.8.2.bpkg-r2/sbin/../lib/gcc/:/home/opt/gcc-4.8.2.bpkg-r2/gcc-4.8.2.bpkg-r2/sbin/../lib/gcc/x86_64-baidu-linux-gnu/4.8.2/../../../../lib64/:/home/opt/gcc-4.8.2.bpkg-r2/gcc-4.8.2.bpkg-r2/sbin/../x86_64-baidu-linux-gnu/sys-root/lib/../lib64/:/home/opt/gcc-4.8.2.bpkg-r2/gcc-4.8.2.bpkg-r2/sbin/../x86_64-baidu-linux-gnu/sys-root/usr/lib/../lib64/:/home/opt/gcc-4.8.2.bpkg-r2/gcc-4.8.2.bpkg-r2/sbin/../lib/gcc/x86_64-baidu-linux-gnu/4.8.2/../../../../x86_64-baidu-linux-gnu/lib/:/home/opt/gcc-4.8.2.bpkg-r2/gcc-4.8.2.bpkg-r2/sbin/../lib/gcc/x86_64-baidu-linux-gnu/4.8.2/../../../:/home/opt/gcc-4.8.2.bpkg-r2/gcc-4.8.2.bpkg-r2/sbin/../x86_64-baidu-linux-gnu/sys-root/lib/:/home/opt/gcc-4.8.2.bpkg-r2/gcc-4.8.2.bpkg-r2/sbin/../x86_64-baidu-linux-gnu/sys-root/usr/lib/
COLLECT_GCC_OPTIONS='-v' '-o' 'cmTryCompileExec' '-rdynamic' '-mtune=generic' '-march=x86-64'
 /home/opt/gcc-4.8.2.bpkg-r2/gcc-4.8.2.bpkg-r2/sbin/../libexec/gcc/x86_64-baidu-linux-gnu/4.8.2/collect2 -rpath $ORIGIN:$ORIGIN/lib:$ORIGIN/lib64:$ORIGIN/../lib:$ORIGIN/../lib64:/opt/compiler/gcc-4.8.2/lib:/opt/compiler/gcc-4.8.2/lib64 --sysroot=/home/opt/gcc-4.8.2.bpkg-r2/gcc-4.8.2.bpkg-r2/sbin/../x86_64-baidu-linux-gnu/sys-root --eh-frame-hdr -m elf_x86_64 -export-dynamic -dynamic-linker /opt/compiler/gcc-4.8.2/lib64/ld-linux-x86-64.so.2 -o cmTryCompileExec /home/opt/gcc-4.8.2.bpkg-r2/gcc-4.8.2.bpkg-r2/sbin/../lib/gcc/x86_64-baidu-linux-gnu/4.8.2/../../../../lib64/crt1.o /home/opt/gcc-4.8.2.bpkg-r2/gcc-4.8.2.bpkg-r2/sbin/../lib/gcc/x86_64-baidu-linux-gnu/4.8.2/../../../../lib64/crti.o /home/opt/gcc-4.8.2.bpkg-r2/gcc-4.8.2.bpkg-r2/sbin/../lib/gcc/x86_64-baidu-linux-gnu/4.8.2/crtbegin.o -L/home/opt/gcc-4.8.2.bpkg-r2/gcc-4.8.2.bpkg-r2/sbin/../lib/gcc/x86_64-baidu-linux-gnu/4.8.2 -L/home/opt/gcc-4.8.2.bpkg-r2/gcc-4.8.2.bpkg-r2/sbin/../lib/gcc -L/home/opt/gcc-4.8.2.bpkg-r2/gcc-4.8.2.bpkg-r2/sbin/../lib/gcc/x86_64-baidu-linux-gnu/4.8.2/../../../../lib64 -L/home/opt/gcc-4.8.2.bpkg-r2/gcc-4.8.2.bpkg-r2/sbin/../x86_64-baidu-linux-gnu/sys-root/lib/../lib64 -L/home/opt/gcc-4.8.2.bpkg-r2/gcc-4.8.2.bpkg-r2/sbin/../x86_64-baidu-linux-gnu/sys-root/usr/lib/../lib64 -L/home/opt/gcc-4.8.2.bpkg-r2/gcc-4.8.2.bpkg-r2/sbin/../lib/gcc/x86_64-baidu-linux-gnu/4.8.2/../../../../x86_64-baidu-linux-gnu/lib -L/home/opt/gcc-4.8.2.bpkg-r2/gcc-4.8.2.bpkg-r2/sbin/../lib/gcc/x86_64-baidu-linux-gnu/4.8.2/../../.. -L/home/opt/gcc-4.8.2.bpkg-r2/gcc-4.8.2.bpkg-r2/sbin/../x86_64-baidu-linux-gnu/sys-root/lib -L/home/opt/gcc-4.8.2.bpkg-r2/gcc-4.8.2.bpkg-r2/sbin/../x86_64-baidu-linux-gnu/sys-root/usr/lib CMakeFiles/cmTryCompileExec.dir/CMakeCCompilerABI.c.o -lgcc --as-needed -lgcc_s --no-as-needed -lc -lgcc --as-needed -lgcc_s --no-as-needed /home/opt/gcc-4.8.2.bpkg-r2/gcc-4.8.2.bpkg-r2/sbin/../lib/gcc/x86_64-baidu-linux-gnu/4.8.2/crtend.o /home/opt/gcc-4.8.2.bpkg-r2/gcc-4.8.2.bpkg-r2/sbin/../lib/gcc/x86_64-baidu-linux-gnu/4.8.2/../../../../lib64/crtn.o
gmake[1]: Leaving directory `/home/chenhui/goodcoder/CMakeFiles/CMakeTmp'


Parsed C implicit link information from above output:
  link line regex: [^( *|.*[/\])(ld|ld|collect2)[^/\]*( |$)]
  ignore line: [Change Dir: /home/chenhui/goodcoder/CMakeFiles/CMakeTmp]
  ignore line: []
  ignore line: [Run Build Command:/usr/bin/gmake "cmTryCompileExec/fast"]
  ignore line: [/usr/bin/gmake -f CMakeFiles/cmTryCompileExec.dir/build.make CMakeFiles/cmTryCompileExec.dir/build]
  ignore line: [gmake[1]: Entering directory `/home/chenhui/goodcoder/CMakeFiles/CMakeTmp']
  ignore line: [/home/opt/cmake_2.8.4/bin/cmake -E cmake_progress_report /home/chenhui/goodcoder/CMakeFiles/CMakeTmp/CMakeFiles 1]
  ignore line: [Building C object CMakeFiles/cmTryCompileExec.dir/CMakeCCompilerABI.c.o]
  ignore line: [/opt/compiler/gcc-4.8.2/bin/gcc    -o CMakeFiles/cmTryCompileExec.dir/CMakeCCompilerABI.c.o   -c /home/opt/cmake_2.8.4/share/cmake-2.8/Modules/CMakeCCompilerABI.c]
  ignore line: [Linking C executable cmTryCompileExec]
  ignore line: [/home/opt/cmake_2.8.4/bin/cmake -E cmake_link_script CMakeFiles/cmTryCompileExec.dir/link.txt --verbose=1]
  ignore line: [/opt/compiler/gcc-4.8.2/bin/gcc       -v CMakeFiles/cmTryCompileExec.dir/CMakeCCompilerABI.c.o  -o cmTryCompileExec -rdynamic  ]
  ignore line: [Reading specs from /home/opt/gcc-4.8.2.bpkg-r2/gcc-4.8.2.bpkg-r2/sbin/../lib/gcc/x86_64-baidu-linux-gnu/4.8.2/specs]
  ignore line: [COLLECT_GCC=/opt/compiler/gcc-4.8.2/bin/gcc]
  ignore line: [COLLECT_LTO_WRAPPER=/home/opt/gcc-4.8.2.bpkg-r2/gcc-4.8.2.bpkg-r2/sbin/../libexec/gcc/x86_64-baidu-linux-gnu/4.8.2/lto-wrapper]
  ignore line: [Target: x86_64-baidu-linux-gnu]
  ignore line: [Configured with: ../configure CFLAGS=-O2 --host=x86_64-baidu-linux-gnu --target=x86_64-baidu-linux-gnu --prefix=/top --with-sysroot --with-local-prefix=/ --with-native-system-header-dir=/top/include --with-build-sysroot=/top --with-system-libunwind --enable-languages=c,c++ --enable-c99 --enable-threads=posix --enable-__cxa_atexit --enable-libstdcxx-allocator --enable-libstdcxx-threads --enable-libstdcxx-time --enable-libstdcxx-visibility --disable-multilib --disable-bootstrap]
  ignore line: [Thread model: posix]
  ignore line: [gcc version 4.8.2 (GCC) ]
  ignore line: [COMPILER_PATH=/home/opt/gcc-4.8.2.bpkg-r2/gcc-4.8.2.bpkg-r2/sbin/../libexec/gcc/x86_64-baidu-linux-gnu/4.8.2/:/home/opt/gcc-4.8.2.bpkg-r2/gcc-4.8.2.bpkg-r2/sbin/../libexec/gcc/:/home/opt/gcc-4.8.2.bpkg-r2/gcc-4.8.2.bpkg-r2/sbin/../lib/gcc/x86_64-baidu-linux-gnu/4.8.2/../../../../x86_64-baidu-linux-gnu/bin/]
  ignore line: [LIBRARY_PATH=/home/opt/gcc-4.8.2.bpkg-r2/gcc-4.8.2.bpkg-r2/sbin/../lib/gcc/x86_64-baidu-linux-gnu/4.8.2/:/home/opt/gcc-4.8.2.bpkg-r2/gcc-4.8.2.bpkg-r2/sbin/../lib/gcc/:/home/opt/gcc-4.8.2.bpkg-r2/gcc-4.8.2.bpkg-r2/sbin/../lib/gcc/x86_64-baidu-linux-gnu/4.8.2/../../../../lib64/:/home/opt/gcc-4.8.2.bpkg-r2/gcc-4.8.2.bpkg-r2/sbin/../x86_64-baidu-linux-gnu/sys-root/lib/../lib64/:/home/opt/gcc-4.8.2.bpkg-r2/gcc-4.8.2.bpkg-r2/sbin/../x86_64-baidu-linux-gnu/sys-root/usr/lib/../lib64/:/home/opt/gcc-4.8.2.bpkg-r2/gcc-4.8.2.bpkg-r2/sbin/../lib/gcc/x86_64-baidu-linux-gnu/4.8.2/../../../../x86_64-baidu-linux-gnu/lib/:/home/opt/gcc-4.8.2.bpkg-r2/gcc-4.8.2.bpkg-r2/sbin/../lib/gcc/x86_64-baidu-linux-gnu/4.8.2/../../../:/home/opt/gcc-4.8.2.bpkg-r2/gcc-4.8.2.bpkg-r2/sbin/../x86_64-baidu-linux-gnu/sys-root/lib/:/home/opt/gcc-4.8.2.bpkg-r2/gcc-4.8.2.bpkg-r2/sbin/../x86_64-baidu-linux-gnu/sys-root/usr/lib/]
  ignore line: [COLLECT_GCC_OPTIONS='-v' '-o' 'cmTryCompileExec' '-rdynamic' '-mtune=generic' '-march=x86-64']
  link line: [ /home/opt/gcc-4.8.2.bpkg-r2/gcc-4.8.2.bpkg-r2/sbin/../libexec/gcc/x86_64-baidu-linux-gnu/4.8.2/collect2 -rpath $ORIGIN:$ORIGIN/lib:$ORIGIN/lib64:$ORIGIN/../lib:$ORIGIN/../lib64:/opt/compiler/gcc-4.8.2/lib:/opt/compiler/gcc-4.8.2/lib64 --sysroot=/home/opt/gcc-4.8.2.bpkg-r2/gcc-4.8.2.bpkg-r2/sbin/../x86_64-baidu-linux-gnu/sys-root --eh-frame-hdr -m elf_x86_64 -export-dynamic -dynamic-linker /opt/compiler/gcc-4.8.2/lib64/ld-linux-x86-64.so.2 -o cmTryCompileExec /home/opt/gcc-4.8.2.bpkg-r2/gcc-4.8.2.bpkg-r2/sbin/../lib/gcc/x86_64-baidu-linux-gnu/4.8.2/../../../../lib64/crt1.o /home/opt/gcc-4.8.2.bpkg-r2/gcc-4.8.2.bpkg-r2/sbin/../lib/gcc/x86_64-baidu-linux-gnu/4.8.2/../../../../lib64/crti.o /home/opt/gcc-4.8.2.bpkg-r2/gcc-4.8.2.bpkg-r2/sbin/../lib/gcc/x86_64-baidu-linux-gnu/4.8.2/crtbegin.o -L/home/opt/gcc-4.8.2.bpkg-r2/gcc-4.8.2.bpkg-r2/sbin/../lib/gcc/x86_64-baidu-linux-gnu/4.8.2 -L/home/opt/gcc-4.8.2.bpkg-r2/gcc-4.8.2.bpkg-r2/sbin/../lib/gcc -L/home/opt/gcc-4.8.2.bpkg-r2/gcc-4.8.2.bpkg-r2/sbin/../lib/gcc/x86_64-baidu-linux-gnu/4.8.2/../../../../lib64 -L/home/opt/gcc-4.8.2.bpkg-r2/gcc-4.8.2.bpkg-r2/sbin/../x86_64-baidu-linux-gnu/sys-root/lib/../lib64 -L/home/opt/gcc-4.8.2.bpkg-r2/gcc-4.8.2.bpkg-r2/sbin/../x86_64-baidu-linux-gnu/sys-root/usr/lib/../lib64 -L/home/opt/gcc-4.8.2.bpkg-r2/gcc-4.8.2.bpkg-r2/sbin/../lib/gcc/x86_64-baidu-linux-gnu/4.8.2/../../../../x86_64-baidu-linux-gnu/lib -L/home/opt/gcc-4.8.2.bpkg-r2/gcc-4.8.2.bpkg-r2/sbin/../lib/gcc/x86_64-baidu-linux-gnu/4.8.2/../../.. -L/home/opt/gcc-4.8.2.bpkg-r2/gcc-4.8.2.bpkg-r2/sbin/../x86_64-baidu-linux-gnu/sys-root/lib -L/home/opt/gcc-4.8.2.bpkg-r2/gcc-4.8.2.bpkg-r2/sbin/../x86_64-baidu-linux-gnu/sys-root/usr/lib CMakeFiles/cmTryCompileExec.dir/CMakeCCompilerABI.c.o -lgcc --as-needed -lgcc_s --no-as-needed -lc -lgcc --as-needed -lgcc_s --no-as-needed /home/opt/gcc-4.8.2.bpkg-r2/gcc-4.8.2.bpkg-r2/sbin/../lib/gcc/x86_64-baidu-linux-gnu/4.8.2/crtend.o /home/opt/gcc-4.8.2.bpkg-r2/gcc-4.8.2.bpkg-r2/sbin/../lib/gcc/x86_64-baidu-linux-gnu/4.8.2/../../../../lib64/crtn.o]
    arg [/home/opt/gcc-4.8.2.bpkg-r2/gcc-4.8.2.bpkg-r2/sbin/../libexec/gcc/x86_64-baidu-linux-gnu/4.8.2/collect2] ==> ignore
    arg [-rpath] ==> ignore
    arg [$ORIGIN:$ORIGIN/lib:$ORIGIN/lib64:$ORIGIN/../lib:$ORIGIN/../lib64:/opt/compiler/gcc-4.8.2/lib:/opt/compiler/gcc-4.8.2/lib64] ==> ignore
    arg [--sysroot=/home/opt/gcc-4.8.2.bpkg-r2/gcc-4.8.2.bpkg-r2/sbin/../x86_64-baidu-linux-gnu/sys-root] ==> ignore
    arg [--eh-frame-hdr] ==> ignore
    arg [-m] ==> ignore
    arg [elf_x86_64] ==> ignore
    arg [-export-dynamic] ==> ignore
    arg [-dynamic-linker] ==> ignore
    arg [/opt/compiler/gcc-4.8.2/lib64/ld-linux-x86-64.so.2] ==> ignore
    arg [-o] ==> ignore
    arg [cmTryCompileExec] ==> ignore
    arg [/home/opt/gcc-4.8.2.bpkg-r2/gcc-4.8.2.bpkg-r2/sbin/../lib/gcc/x86_64-baidu-linux-gnu/4.8.2/../../../../lib64/crt1.o] ==> ignore
    arg [/home/opt/gcc-4.8.2.bpkg-r2/gcc-4.8.2.bpkg-r2/sbin/../lib/gcc/x86_64-baidu-linux-gnu/4.8.2/../../../../lib64/crti.o] ==> ignore
    arg [/home/opt/gcc-4.8.2.bpkg-r2/gcc-4.8.2.bpkg-r2/sbin/../lib/gcc/x86_64-baidu-linux-gnu/4.8.2/crtbegin.o] ==> ignore
    arg [-L/home/opt/gcc-4.8.2.bpkg-r2/gcc-4.8.2.bpkg-r2/sbin/../lib/gcc/x86_64-baidu-linux-gnu/4.8.2] ==> dir [/home/opt/gcc-4.8.2.bpkg-r2/gcc-4.8.2.bpkg-r2/sbin/../lib/gcc/x86_64-baidu-linux-gnu/4.8.2]
    arg [-L/home/opt/gcc-4.8.2.bpkg-r2/gcc-4.8.2.bpkg-r2/sbin/../lib/gcc] ==> dir [/home/opt/gcc-4.8.2.bpkg-r2/gcc-4.8.2.bpkg-r2/sbin/../lib/gcc]
    arg [-L/home/opt/gcc-4.8.2.bpkg-r2/gcc-4.8.2.bpkg-r2/sbin/../lib/gcc/x86_64-baidu-linux-gnu/4.8.2/../../../../lib64] ==> dir [/home/opt/gcc-4.8.2.bpkg-r2/gcc-4.8.2.bpkg-r2/sbin/../lib/gcc/x86_64-baidu-linux-gnu/4.8.2/../../../../lib64]
    arg [-L/home/opt/gcc-4.8.2.bpkg-r2/gcc-4.8.2.bpkg-r2/sbin/../x86_64-baidu-linux-gnu/sys-root/lib/../lib64] ==> dir [/home/opt/gcc-4.8.2.bpkg-r2/gcc-4.8.2.bpkg-r2/sbin/../x86_64-baidu-linux-gnu/sys-root/lib/../lib64]
    arg [-L/home/opt/gcc-4.8.2.bpkg-r2/gcc-4.8.2.bpkg-r2/sbin/../x86_64-baidu-linux-gnu/sys-root/usr/lib/../lib64] ==> dir [/home/opt/gcc-4.8.2.bpkg-r2/gcc-4.8.2.bpkg-r2/sbin/../x86_64-baidu-linux-gnu/sys-root/usr/lib/../lib64]
    arg [-L/home/opt/gcc-4.8.2.bpkg-r2/gcc-4.8.2.bpkg-r2/sbin/../lib/gcc/x86_64-baidu-linux-gnu/4.8.2/../../../../x86_64-baidu-linux-gnu/lib] ==> dir [/home/opt/gcc-4.8.2.bpkg-r2/gcc-4.8.2.bpkg-r2/sbin/../lib/gcc/x86_64-baidu-linux-gnu/4.8.2/../../../../x86_64-baidu-linux-gnu/lib]
    arg [-L/home/opt/gcc-4.8.2.bpkg-r2/gcc-4.8.2.bpkg-r2/sbin/../lib/gcc/x86_64-baidu-linux-gnu/4.8.2/../../..] ==> dir [/home/opt/gcc-4.8.2.bpkg-r2/gcc-4.8.2.bpkg-r2/sbin/../lib/gcc/x86_64-baidu-linux-gnu/4.8.2/../../..]
    arg [-L/home/opt/gcc-4.8.2.bpkg-r2/gcc-4.8.2.bpkg-r2/sbin/../x86_64-baidu-linux-gnu/sys-root/lib] ==> dir [/home/opt/gcc-4.8.2.bpkg-r2/gcc-4.8.2.bpkg-r2/sbin/../x86_64-baidu-linux-gnu/sys-root/lib]
    arg [-L/home/opt/gcc-4.8.2.bpkg-r2/gcc-4.8.2.bpkg-r2/sbin/../x86_64-baidu-linux-gnu/sys-root/usr/lib] ==> dir [/home/opt/gcc-4.8.2.bpkg-r2/gcc-4.8.2.bpkg-r2/sbin/../x86_64-baidu-linux-gnu/sys-root/usr/lib]
    arg [CMakeFiles/cmTryCompileExec.dir/CMakeCCompilerABI.c.o] ==> ignore
    arg [-lgcc] ==> lib [gcc]
    arg [--as-needed] ==> ignore
    arg [-lgcc_s] ==> lib [gcc_s]
    arg [--no-as-needed] ==> ignore
    arg [-lc] ==> lib [c]
    arg [-lgcc] ==> lib [gcc]
    arg [--as-needed] ==> ignore
    arg [-lgcc_s] ==> lib [gcc_s]
    arg [--no-as-needed] ==> ignore
    arg [/home/opt/gcc-4.8.2.bpkg-r2/gcc-4.8.2.bpkg-r2/sbin/../lib/gcc/x86_64-baidu-linux-gnu/4.8.2/crtend.o] ==> ignore
    arg [/home/opt/gcc-4.8.2.bpkg-r2/gcc-4.8.2.bpkg-r2/sbin/../lib/gcc/x86_64-baidu-linux-gnu/4.8.2/../../../../lib64/crtn.o] ==> ignore
  remove lib [gcc]
  remove lib [gcc_s]
  remove lib [gcc]
  remove lib [gcc_s]
  collapse dir [/home/opt/gcc-4.8.2.bpkg-r2/gcc-4.8.2.bpkg-r2/sbin/../lib/gcc/x86_64-baidu-linux-gnu/4.8.2] ==> [/home/opt/gcc-4.8.2.bpkg-r2/gcc-4.8.2.bpkg-r2/lib/gcc/x86_64-baidu-linux-gnu/4.8.2]
  collapse dir [/home/opt/gcc-4.8.2.bpkg-r2/gcc-4.8.2.bpkg-r2/sbin/../lib/gcc] ==> [/home/opt/gcc-4.8.2.bpkg-r2/gcc-4.8.2.bpkg-r2/lib/gcc]
  collapse dir [/home/opt/gcc-4.8.2.bpkg-r2/gcc-4.8.2.bpkg-r2/sbin/../lib/gcc/x86_64-baidu-linux-gnu/4.8.2/../../../../lib64] ==> [/home/opt/gcc-4.8.2.bpkg-r2/gcc-4.8.2.bpkg-r2/lib64]
  collapse dir [/home/opt/gcc-4.8.2.bpkg-r2/gcc-4.8.2.bpkg-r2/sbin/../x86_64-baidu-linux-gnu/sys-root/lib/../lib64] ==> [/home/opt/gcc-4.8.2.bpkg-r2/gcc-4.8.2.bpkg-r2/x86_64-baidu-linux-gnu/sys-root/lib64]
  collapse dir [/home/opt/gcc-4.8.2.bpkg-r2/gcc-4.8.2.bpkg-r2/sbin/../x86_64-baidu-linux-gnu/sys-root/usr/lib/../lib64] ==> [/home/opt/gcc-4.8.2.bpkg-r2/gcc-4.8.2.bpkg-r2/x86_64-baidu-linux-gnu/sys-root/usr/lib64]
  collapse dir [/home/opt/gcc-4.8.2.bpkg-r2/gcc-4.8.2.bpkg-r2/sbin/../lib/gcc/x86_64-baidu-linux-gnu/4.8.2/../../../../x86_64-baidu-linux-gnu/lib] ==> [/home/opt/gcc-4.8.2.bpkg-r2/gcc-4.8.2.bpkg-r2/x86_64-baidu-linux-gnu/lib]
  collapse dir [/home/opt/gcc-4.8.2.bpkg-r2/gcc-4.8.2.bpkg-r2/sbin/../lib/gcc/x86_64-baidu-linux-gnu/4.8.2/../../..] ==> [/home/opt/gcc-4.8.2.bpkg-r2/gcc-4.8.2.bpkg-r2/lib]
  collapse dir [/home/opt/gcc-4.8.2.bpkg-r2/gcc-4.8.2.bpkg-r2/sbin/../x86_64-baidu-linux-gnu/sys-root/lib] ==> [/home/opt/gcc-4.8.2.bpkg-r2/gcc-4.8.2.bpkg-r2/x86_64-baidu-linux-gnu/sys-root/lib]
  collapse dir [/home/opt/gcc-4.8.2.bpkg-r2/gcc-4.8.2.bpkg-r2/sbin/../x86_64-baidu-linux-gnu/sys-root/usr/lib] ==> [/home/opt/gcc-4.8.2.bpkg-r2/gcc-4.8.2.bpkg-r2/x86_64-baidu-linux-gnu/sys-root/usr/lib]
  implicit libs: [c]
  implicit dirs: [/home/opt/gcc-4.8.2.bpkg-r2/gcc-4.8.2.bpkg-r2/lib/gcc/x86_64-baidu-linux-gnu/4.8.2;/home/opt/gcc-4.8.2.bpkg-r2/gcc-4.8.2.bpkg-r2/lib/gcc;/home/opt/gcc-4.8.2.bpkg-r2/gcc-4.8.2.bpkg-r2/lib64;/home/opt/gcc-4.8.2.bpkg-r2/gcc-4.8.2.bpkg-r2/x86_64-baidu-linux-gnu/sys-root/lib64;/home/opt/gcc-4.8.2.bpkg-r2/gcc-4.8.2.bpkg-r2/x86_64-baidu-linux-gnu/sys-root/usr/lib64;/home/opt/gcc-4.8.2.bpkg-r2/gcc-4.8.2.bpkg-r2/x86_64-baidu-linux-gnu/lib;/home/opt/gcc-4.8.2.bpkg-r2/gcc-4.8.2.bpkg-r2/lib;/home/opt/gcc-4.8.2.bpkg-r2/gcc-4.8.2.bpkg-r2/x86_64-baidu-linux-gnu/sys-root/lib;/home/opt/gcc-4.8.2.bpkg-r2/gcc-4.8.2.bpkg-r2/x86_64-baidu-linux-gnu/sys-root/usr/lib]


Determining if the CXX compiler works passed with the following output:
Change Dir: /home/chenhui/goodcoder/CMakeFiles/CMakeTmp

Run Build Command:/usr/bin/gmake "cmTryCompileExec/fast"
/usr/bin/gmake -f CMakeFiles/cmTryCompileExec.dir/build.make CMakeFiles/cmTryCompileExec.dir/build
gmake[1]: Entering directory `/home/chenhui/goodcoder/CMakeFiles/CMakeTmp'
/home/opt/cmake_2.8.4/bin/cmake -E cmake_progress_report /home/chenhui/goodcoder/CMakeFiles/CMakeTmp/CMakeFiles 1
Building CXX object CMakeFiles/cmTryCompileExec.dir/testCXXCompiler.cxx.o
/opt/compiler/gcc-4.8.2/bin/c++     -o CMakeFiles/cmTryCompileExec.dir/testCXXCompiler.cxx.o -c /home/chenhui/goodcoder/CMakeFiles/CMakeTmp/testCXXCompiler.cxx
Linking CXX executable cmTryCompileExec
/home/opt/cmake_2.8.4/bin/cmake -E cmake_link_script CMakeFiles/cmTryCompileExec.dir/link.txt --verbose=1
/opt/compiler/gcc-4.8.2/bin/c++         CMakeFiles/cmTryCompileExec.dir/testCXXCompiler.cxx.o  -o cmTryCompileExec -rdynamic 
gmake[1]: Leaving directory `/home/chenhui/goodcoder/CMakeFiles/CMakeTmp'


Detecting CXX compiler ABI info compiled with the following output:
Change Dir: /home/chenhui/goodcoder/CMakeFiles/CMakeTmp

Run Build Command:/usr/bin/gmake "cmTryCompileExec/fast"
/usr/bin/gmake -f CMakeFiles/cmTryCompileExec.dir/build.make CMakeFiles/cmTryCompileExec.dir/build
gmake[1]: Entering directory `/home/chenhui/goodcoder/CMakeFiles/CMakeTmp'
/home/opt/cmake_2.8.4/bin/cmake -E cmake_progress_report /home/chenhui/goodcoder/CMakeFiles/CMakeTmp/CMakeFiles 1
Building CXX object CMakeFiles/cmTryCompileExec.dir/CMakeCXXCompilerABI.cpp.o
/opt/compiler/gcc-4.8.2/bin/c++     -o CMakeFiles/cmTryCompileExec.dir/CMakeCXXCompilerABI.cpp.o -c /home/opt/cmake_2.8.4/share/cmake-2.8/Modules/CMakeCXXCompilerABI.cpp
Linking CXX executable cmTryCompileExec
/home/opt/cmake_2.8.4/bin/cmake -E cmake_link_script CMakeFiles/cmTryCompileExec.dir/link.txt --verbose=1
/opt/compiler/gcc-4.8.2/bin/c++        -v CMakeFiles/cmTryCompileExec.dir/CMakeCXXCompilerABI.cpp.o  -o cmTryCompileExec -rdynamic  
Reading specs from /home/opt/gcc-4.8.2.bpkg-r2/gcc-4.8.2.bpkg-r2/sbin/../lib/gcc/x86_64-baidu-linux-gnu/4.8.2/specs
COLLECT_GCC=/opt/compiler/gcc-4.8.2/bin/c++
COLLECT_LTO_WRAPPER=/home/opt/gcc-4.8.2.bpkg-r2/gcc-4.8.2.bpkg-r2/sbin/../libexec/gcc/x86_64-baidu-linux-gnu/4.8.2/lto-wrapper
Target: x86_64-baidu-linux-gnu
Configured with: ../configure CFLAGS=-O2 --host=x86_64-baidu-linux-gnu --target=x86_64-baidu-linux-gnu --prefix=/top --with-sysroot --with-local-prefix=/ --with-native-system-header-dir=/top/include --with-build-sysroot=/top --with-system-libunwind --enable-languages=c,c++ --enable-c99 --enable-threads=posix --enable-__cxa_atexit --enable-libstdcxx-allocator --enable-libstdcxx-threads --enable-libstdcxx-time --enable-libstdcxx-visibility --disable-multilib --disable-bootstrap
Thread model: posix
gcc version 4.8.2 (GCC) 
COMPILER_PATH=/home/opt/gcc-4.8.2.bpkg-r2/gcc-4.8.2.bpkg-r2/sbin/../libexec/gcc/x86_64-baidu-linux-gnu/4.8.2/:/home/opt/gcc-4.8.2.bpkg-r2/gcc-4.8.2.bpkg-r2/sbin/../libexec/gcc/:/home/opt/gcc-4.8.2.bpkg-r2/gcc-4.8.2.bpkg-r2/sbin/../lib/gcc/x86_64-baidu-linux-gnu/4.8.2/../../../../x86_64-baidu-linux-gnu/bin/
LIBRARY_PATH=/home/opt/gcc-4.8.2.bpkg-r2/gcc-4.8.2.bpkg-r2/sbin/../lib/gcc/x86_64-baidu-linux-gnu/4.8.2/:/home/opt/gcc-4.8.2.bpkg-r2/gcc-4.8.2.bpkg-r2/sbin/../lib/gcc/:/home/opt/gcc-4.8.2.bpkg-r2/gcc-4.8.2.bpkg-r2/sbin/../lib/gcc/x86_64-baidu-linux-gnu/4.8.2/../../../../lib64/:/home/opt/gcc-4.8.2.bpkg-r2/gcc-4.8.2.bpkg-r2/sbin/../x86_64-baidu-linux-gnu/sys-root/lib/../lib64/:/home/opt/gcc-4.8.2.bpkg-r2/gcc-4.8.2.bpkg-r2/sbin/../x86_64-baidu-linux-gnu/sys-root/usr/lib/../lib64/:/home/opt/gcc-4.8.2.bpkg-r2/gcc-4.8.2.bpkg-r2/sbin/../lib/gcc/x86_64-baidu-linux-gnu/4.8.2/../../../../x86_64-baidu-linux-gnu/lib/:/home/opt/gcc-4.8.2.bpkg-r2/gcc-4.8.2.bpkg-r2/sbin/../lib/gcc/x86_64-baidu-linux-gnu/4.8.2/../../../:/home/opt/gcc-4.8.2.bpkg-r2/gcc-4.8.2.bpkg-r2/sbin/../x86_64-baidu-linux-gnu/sys-root/lib/:/home/opt/gcc-4.8.2.bpkg-r2/gcc-4.8.2.bpkg-r2/sbin/../x86_64-baidu-linux-gnu/sys-root/usr/lib/
COLLECT_GCC_OPTIONS='-v' '-o' 'cmTryCompileExec' '-rdynamic' '-shared-libgcc' '-mtune=generic' '-march=x86-64'
 /home/opt/gcc-4.8.2.bpkg-r2/gcc-4.8.2.bpkg-r2/sbin/../libexec/gcc/x86_64-baidu-linux-gnu/4.8.2/collect2 -rpath $ORIGIN:$ORIGIN/lib:$ORIGIN/lib64:$ORIGIN/../lib:$ORIGIN/../lib64:/opt/compiler/gcc-4.8.2/lib:/opt/compiler/gcc-4.8.2/lib64 --sysroot=/home/opt/gcc-4.8.2.bpkg-r2/gcc-4.8.2.bpkg-r2/sbin/../x86_64-baidu-linux-gnu/sys-root --eh-frame-hdr -m elf_x86_64 -export-dynamic -dynamic-linker /opt/compiler/gcc-4.8.2/lib64/ld-linux-x86-64.so.2 -o cmTryCompileExec /home/opt/gcc-4.8.2.bpkg-r2/gcc-4.8.2.bpkg-r2/sbin/../lib/gcc/x86_64-baidu-linux-gnu/4.8.2/../../../../lib64/crt1.o /home/opt/gcc-4.8.2.bpkg-r2/gcc-4.8.2.bpkg-r2/sbin/../lib/gcc/x86_64-baidu-linux-gnu/4.8.2/../../../../lib64/crti.o /home/opt/gcc-4.8.2.bpkg-r2/gcc-4.8.2.bpkg-r2/sbin/../lib/gcc/x86_64-baidu-linux-gnu/4.8.2/crtbegin.o -L/home/opt/gcc-4.8.2.bpkg-r2/gcc-4.8.2.bpkg-r2/sbin/../lib/gcc/x86_64-baidu-linux-gnu/4.8.2 -L/home/opt/gcc-4.8.2.bpkg-r2/gcc-4.8.2.bpkg-r2/sbin/../lib/gcc -L/home/opt/gcc-4.8.2.bpkg-r2/gcc-4.8.2.bpkg-r2/sbin/../lib/gcc/x86_64-baidu-linux-gnu/4.8.2/../../../../lib64 -L/home/opt/gcc-4.8.2.bpkg-r2/gcc-4.8.2.bpkg-r2/sbin/../x86_64-baidu-linux-gnu/sys-root/lib/../lib64 -L/home/opt/gcc-4.8.2.bpkg-r2/gcc-4.8.2.bpkg-r2/sbin/../x86_64-baidu-linux-gnu/sys-root/usr/lib/../lib64 -L/home/opt/gcc-4.8.2.bpkg-r2/gcc-4.8.2.bpkg-r2/sbin/../lib/gcc/x86_64-baidu-linux-gnu/4.8.2/../../../../x86_64-baidu-linux-gnu/lib -L/home/opt/gcc-4.8.2.bpkg-r2/gcc-4.8.2.bpkg-r2/sbin/../lib/gcc/x86_64-baidu-linux-gnu/4.8.2/../../.. -L/home/opt/gcc-4.8.2.bpkg-r2/gcc-4.8.2.bpkg-r2/sbin/../x86_64-baidu-linux-gnu/sys-root/lib -L/home/opt/gcc-4.8.2.bpkg-r2/gcc-4.8.2.bpkg-r2/sbin/../x86_64-baidu-linux-gnu/sys-root/usr/lib CMakeFiles/cmTryCompileExec.dir/CMakeCXXCompilerABI.cpp.o -lstdc++ -lm -lgcc_s -lgcc -lc -lgcc_s -lgcc /home/opt/gcc-4.8.2.bpkg-r2/gcc-4.8.2.bpkg-r2/sbin/../lib/gcc/x86_64-baidu-linux-gnu/4.8.2/crtend.o /home/opt/gcc-4.8.2.bpkg-r2/gcc-4.8.2.bpkg-r2/sbin/../lib/gcc/x86_64-baidu-linux-gnu/4.8.2/../../../../lib64/crtn.o
gmake[1]: Leaving directory `/home/chenhui/goodcoder/CMakeFiles/CMakeTmp'


Parsed CXX implicit link information from above output:
  link line regex: [^( *|.*[/\])(ld|ld|collect2)[^/\]*( |$)]
  ignore line: [Change Dir: /home/chenhui/goodcoder/CMakeFiles/CMakeTmp]
  ignore line: []
  ignore line: [Run Build Command:/usr/bin/gmake "cmTryCompileExec/fast"]
  ignore line: [/usr/bin/gmake -f CMakeFiles/cmTryCompileExec.dir/build.make CMakeFiles/cmTryCompileExec.dir/build]
  ignore line: [gmake[1]: Entering directory `/home/chenhui/goodcoder/CMakeFiles/CMakeTmp']
  ignore line: [/home/opt/cmake_2.8.4/bin/cmake -E cmake_progress_report /home/chenhui/goodcoder/CMakeFiles/CMakeTmp/CMakeFiles 1]
  ignore line: [Building CXX object CMakeFiles/cmTryCompileExec.dir/CMakeCXXCompilerABI.cpp.o]
  ignore line: [/opt/compiler/gcc-4.8.2/bin/c++     -o CMakeFiles/cmTryCompileExec.dir/CMakeCXXCompilerABI.cpp.o -c /home/opt/cmake_2.8.4/share/cmake-2.8/Modules/CMakeCXXCompilerABI.cpp]
  ignore line: [Linking CXX executable cmTryCompileExec]
  ignore line: [/home/opt/cmake_2.8.4/bin/cmake -E cmake_link_script CMakeFiles/cmTryCompileExec.dir/link.txt --verbose=1]
  ignore line: [/opt/compiler/gcc-4.8.2/bin/c++        -v CMakeFiles/cmTryCompileExec.dir/CMakeCXXCompilerABI.cpp.o  -o cmTryCompileExec -rdynamic  ]
  ignore line: [Reading specs from /home/opt/gcc-4.8.2.bpkg-r2/gcc-4.8.2.bpkg-r2/sbin/../lib/gcc/x86_64-baidu-linux-gnu/4.8.2/specs]
  ignore line: [COLLECT_GCC=/opt/compiler/gcc-4.8.2/bin/c++]
  ignore line: [COLLECT_LTO_WRAPPER=/home/opt/gcc-4.8.2.bpkg-r2/gcc-4.8.2.bpkg-r2/sbin/../libexec/gcc/x86_64-baidu-linux-gnu/4.8.2/lto-wrapper]
  ignore line: [Target: x86_64-baidu-linux-gnu]
  ignore line: [Configured with: ../configure CFLAGS=-O2 --host=x86_64-baidu-linux-gnu --target=x86_64-baidu-linux-gnu --prefix=/top --with-sysroot --with-local-prefix=/ --with-native-system-header-dir=/top/include --with-build-sysroot=/top --with-system-libunwind --enable-languages=c,c++ --enable-c99 --enable-threads=posix --enable-__cxa_atexit --enable-libstdcxx-allocator --enable-libstdcxx-threads --enable-libstdcxx-time --enable-libstdcxx-visibility --disable-multilib --disable-bootstrap]
  ignore line: [Thread model: posix]
  ignore line: [gcc version 4.8.2 (GCC) ]
  ignore line: [COMPILER_PATH=/home/opt/gcc-4.8.2.bpkg-r2/gcc-4.8.2.bpkg-r2/sbin/../libexec/gcc/x86_64-baidu-linux-gnu/4.8.2/:/home/opt/gcc-4.8.2.bpkg-r2/gcc-4.8.2.bpkg-r2/sbin/../libexec/gcc/:/home/opt/gcc-4.8.2.bpkg-r2/gcc-4.8.2.bpkg-r2/sbin/../lib/gcc/x86_64-baidu-linux-gnu/4.8.2/../../../../x86_64-baidu-linux-gnu/bin/]
  ignore line: [LIBRARY_PATH=/home/opt/gcc-4.8.2.bpkg-r2/gcc-4.8.2.bpkg-r2/sbin/../lib/gcc/x86_64-baidu-linux-gnu/4.8.2/:/home/opt/gcc-4.8.2.bpkg-r2/gcc-4.8.2.bpkg-r2/sbin/../lib/gcc/:/home/opt/gcc-4.8.2.bpkg-r2/gcc-4.8.2.bpkg-r2/sbin/../lib/gcc/x86_64-baidu-linux-gnu/4.8.2/../../../../lib64/:/home/opt/gcc-4.8.2.bpkg-r2/gcc-4.8.2.bpkg-r2/sbin/../x86_64-baidu-linux-gnu/sys-root/lib/../lib64/:/home/opt/gcc-4.8.2.bpkg-r2/gcc-4.8.2.bpkg-r2/sbin/../x86_64-baidu-linux-gnu/sys-root/usr/lib/../lib64/:/home/opt/gcc-4.8.2.bpkg-r2/gcc-4.8.2.bpkg-r2/sbin/../lib/gcc/x86_64-baidu-linux-gnu/4.8.2/../../../../x86_64-baidu-linux-gnu/lib/:/home/opt/gcc-4.8.2.bpkg-r2/gcc-4.8.2.bpkg-r2/sbin/../lib/gcc/x86_64-baidu-linux-gnu/4.8.2/../../../:/home/opt/gcc-4.8.2.bpkg-r2/gcc-4.8.2.bpkg-r2/sbin/../x86_64-baidu-linux-gnu/sys-root/lib/:/home/opt/gcc-4.8.2.bpkg-r2/gcc-4.8.2.bpkg-r2/sbin/../x86_64-baidu-linux-gnu/sys-root/usr/lib/]
  ignore line: [COLLECT_GCC_OPTIONS='-v' '-o' 'cmTryCompileExec' '-rdynamic' '-shared-libgcc' '-mtune=generic' '-march=x86-64']
  link line: [ /home/opt/gcc-4.8.2.bpkg-r2/gcc-4.8.2.bpkg-r2/sbin/../libexec/gcc/x86_64-baidu-linux-gnu/4.8.2/collect2 -rpath $ORIGIN:$ORIGIN/lib:$ORIGIN/lib64:$ORIGIN/../lib:$ORIGIN/../lib64:/opt/compiler/gcc-4.8.2/lib:/opt/compiler/gcc-4.8.2/lib64 --sysroot=/home/opt/gcc-4.8.2.bpkg-r2/gcc-4.8.2.bpkg-r2/sbin/../x86_64-baidu-linux-gnu/sys-root --eh-frame-hdr -m elf_x86_64 -export-dynamic -dynamic-linker /opt/compiler/gcc-4.8.2/lib64/ld-linux-x86-64.so.2 -o cmTryCompileExec /home/opt/gcc-4.8.2.bpkg-r2/gcc-4.8.2.bpkg-r2/sbin/../lib/gcc/x86_64-baidu-linux-gnu/4.8.2/../../../../lib64/crt1.o /home/opt/gcc-4.8.2.bpkg-r2/gcc-4.8.2.bpkg-r2/sbin/../lib/gcc/x86_64-baidu-linux-gnu/4.8.2/../../../../lib64/crti.o /home/opt/gcc-4.8.2.bpkg-r2/gcc-4.8.2.bpkg-r2/sbin/../lib/gcc/x86_64-baidu-linux-gnu/4.8.2/crtbegin.o -L/home/opt/gcc-4.8.2.bpkg-r2/gcc-4.8.2.bpkg-r2/sbin/../lib/gcc/x86_64-baidu-linux-gnu/4.8.2 -L/home/opt/gcc-4.8.2.bpkg-r2/gcc-4.8.2.bpkg-r2/sbin/../lib/gcc -L/home/opt/gcc-4.8.2.bpkg-r2/gcc-4.8.2.bpkg-r2/sbin/../lib/gcc/x86_64-baidu-linux-gnu/4.8.2/../../../../lib64 -L/home/opt/gcc-4.8.2.bpkg-r2/gcc-4.8.2.bpkg-r2/sbin/../x86_64-baidu-linux-gnu/sys-root/lib/../lib64 -L/home/opt/gcc-4.8.2.bpkg-r2/gcc-4.8.2.bpkg-r2/sbin/../x86_64-baidu-linux-gnu/sys-root/usr/lib/../lib64 -L/home/opt/gcc-4.8.2.bpkg-r2/gcc-4.8.2.bpkg-r2/sbin/../lib/gcc/x86_64-baidu-linux-gnu/4.8.2/../../../../x86_64-baidu-linux-gnu/lib -L/home/opt/gcc-4.8.2.bpkg-r2/gcc-4.8.2.bpkg-r2/sbin/../lib/gcc/x86_64-baidu-linux-gnu/4.8.2/../../.. -L/home/opt/gcc-4.8.2.bpkg-r2/gcc-4.8.2.bpkg-r2/sbin/../x86_64-baidu-linux-gnu/sys-root/lib -L/home/opt/gcc-4.8.2.bpkg-r2/gcc-4.8.2.bpkg-r2/sbin/../x86_64-baidu-linux-gnu/sys-root/usr/lib CMakeFiles/cmTryCompileExec.dir/CMakeCXXCompilerABI.cpp.o -lstdc++ -lm -lgcc_s -lgcc -lc -lgcc_s -lgcc /home/opt/gcc-4.8.2.bpkg-r2/gcc-4.8.2.bpkg-r2/sbin/../lib/gcc/x86_64-baidu-linux-gnu/4.8.2/crtend.o /home/opt/gcc-4.8.2.bpkg-r2/gcc-4.8.2.bpkg-r2/sbin/../lib/gcc/x86_64-baidu-linux-gnu/4.8.2/../../../../lib64/crtn.o]
    arg [/home/opt/gcc-4.8.2.bpkg-r2/gcc-4.8.2.bpkg-r2/sbin/../libexec/gcc/x86_64-baidu-linux-gnu/4.8.2/collect2] ==> ignore
    arg [-rpath] ==> ignore
    arg [$ORIGIN:$ORIGIN/lib:$ORIGIN/lib64:$ORIGIN/../lib:$ORIGIN/../lib64:/opt/compiler/gcc-4.8.2/lib:/opt/compiler/gcc-4.8.2/lib64] ==> ignore
    arg [--sysroot=/home/opt/gcc-4.8.2.bpkg-r2/gcc-4.8.2.bpkg-r2/sbin/../x86_64-baidu-linux-gnu/sys-root] ==> ignore
    arg [--eh-frame-hdr] ==> ignore
    arg [-m] ==> ignore
    arg [elf_x86_64] ==> ignore
    arg [-export-dynamic] ==> ignore
    arg [-dynamic-linker] ==> ignore
    arg [/opt/compiler/gcc-4.8.2/lib64/ld-linux-x86-64.so.2] ==> ignore
    arg [-o] ==> ignore
    arg [cmTryCompileExec] ==> ignore
    arg [/home/opt/gcc-4.8.2.bpkg-r2/gcc-4.8.2.bpkg-r2/sbin/../lib/gcc/x86_64-baidu-linux-gnu/4.8.2/../../../../lib64/crt1.o] ==> ignore
    arg [/home/opt/gcc-4.8.2.bpkg-r2/gcc-4.8.2.bpkg-r2/sbin/../lib/gcc/x86_64-baidu-linux-gnu/4.8.2/../../../../lib64/crti.o] ==> ignore
    arg [/home/opt/gcc-4.8.2.bpkg-r2/gcc-4.8.2.bpkg-r2/sbin/../lib/gcc/x86_64-baidu-linux-gnu/4.8.2/crtbegin.o] ==> ignore
    arg [-L/home/opt/gcc-4.8.2.bpkg-r2/gcc-4.8.2.bpkg-r2/sbin/../lib/gcc/x86_64-baidu-linux-gnu/4.8.2] ==> dir [/home/opt/gcc-4.8.2.bpkg-r2/gcc-4.8.2.bpkg-r2/sbin/../lib/gcc/x86_64-baidu-linux-gnu/4.8.2]
    arg [-L/home/opt/gcc-4.8.2.bpkg-r2/gcc-4.8.2.bpkg-r2/sbin/../lib/gcc] ==> dir [/home/opt/gcc-4.8.2.bpkg-r2/gcc-4.8.2.bpkg-r2/sbin/../lib/gcc]
    arg [-L/home/opt/gcc-4.8.2.bpkg-r2/gcc-4.8.2.bpkg-r2/sbin/../lib/gcc/x86_64-baidu-linux-gnu/4.8.2/../../../../lib64] ==> dir [/home/opt/gcc-4.8.2.bpkg-r2/gcc-4.8.2.bpkg-r2/sbin/../lib/gcc/x86_64-baidu-linux-gnu/4.8.2/../../../../lib64]
    arg [-L/home/opt/gcc-4.8.2.bpkg-r2/gcc-4.8.2.bpkg-r2/sbin/../x86_64-baidu-linux-gnu/sys-root/lib/../lib64] ==> dir [/home/opt/gcc-4.8.2.bpkg-r2/gcc-4.8.2.bpkg-r2/sbin/../x86_64-baidu-linux-gnu/sys-root/lib/../lib64]
    arg [-L/home/opt/gcc-4.8.2.bpkg-r2/gcc-4.8.2.bpkg-r2/sbin/../x86_64-baidu-linux-gnu/sys-root/usr/lib/../lib64] ==> dir [/home/opt/gcc-4.8.2.bpkg-r2/gcc-4.8.2.bpkg-r2/sbin/../x86_64-baidu-linux-gnu/sys-root/usr/lib/../lib64]
    arg [-L/home/opt/gcc-4.8.2.bpkg-r2/gcc-4.8.2.bpkg-r2/sbin/../lib/gcc/x86_64-baidu-linux-gnu/4.8.2/../../../../x86_64-baidu-linux-gnu/lib] ==> dir [/home/opt/gcc-4.8.2.bpkg-r2/gcc-4.8.2.bpkg-r2/sbin/../lib/gcc/x86_64-baidu-linux-gnu/4.8.2/../../../../x86_64-baidu-linux-gnu/lib]
    arg [-L/home/opt/gcc-4.8.2.bpkg-r2/gcc-4.8.2.bpkg-r2/sbin/../lib/gcc/x86_64-baidu-linux-gnu/4.8.2/../../..] ==> dir [/home/opt/gcc-4.8.2.bpkg-r2/gcc-4.8.2.bpkg-r2/sbin/../lib/gcc/x86_64-baidu-linux-gnu/4.8.2/../../..]
    arg [-L/home/opt/gcc-4.8.2.bpkg-r2/gcc-4.8.2.bpkg-r2/sbin/../x86_64-baidu-linux-gnu/sys-root/lib] ==> dir [/home/opt/gcc-4.8.2.bpkg-r2/gcc-4.8.2.bpkg-r2/sbin/../x86_64-baidu-linux-gnu/sys-root/lib]
    arg [-L/home/opt/gcc-4.8.2.bpkg-r2/gcc-4.8.2.bpkg-r2/sbin/../x86_64-baidu-linux-gnu/sys-root/usr/lib] ==> dir [/home/opt/gcc-4.8.2.bpkg-r2/gcc-4.8.2.bpkg-r2/sbin/../x86_64-baidu-linux-gnu/sys-root/usr/lib]
    arg [CMakeFiles/cmTryCompileExec.dir/CMakeCXXCompilerABI.cpp.o] ==> ignore
    arg [-lstdc++] ==> lib [stdc++]
    arg [-lm] ==> lib [m]
    arg [-lgcc_s] ==> lib [gcc_s]
    arg [-lgcc] ==> lib [gcc]
    arg [-lc] ==> lib [c]
    arg [-lgcc_s] ==> lib [gcc_s]
    arg [-lgcc] ==> lib [gcc]
    arg [/home/opt/gcc-4.8.2.bpkg-r2/gcc-4.8.2.bpkg-r2/sbin/../lib/gcc/x86_64-baidu-linux-gnu/4.8.2/crtend.o] ==> ignore
    arg [/home/opt/gcc-4.8.2.bpkg-r2/gcc-4.8.2.bpkg-r2/sbin/../lib/gcc/x86_64-baidu-linux-gnu/4.8.2/../../../../lib64/crtn.o] ==> ignore
  remove lib [gcc_s]
  remove lib [gcc]
  remove lib [gcc_s]
  remove lib [gcc]
  collapse dir [/home/opt/gcc-4.8.2.bpkg-r2/gcc-4.8.2.bpkg-r2/sbin/../lib/gcc/x86_64-baidu-linux-gnu/4.8.2] ==> [/home/opt/gcc-4.8.2.bpkg-r2/gcc-4.8.2.bpkg-r2/lib/gcc/x86_64-baidu-linux-gnu/4.8.2]
  collapse dir [/home/opt/gcc-4.8.2.bpkg-r2/gcc-4.8.2.bpkg-r2/sbin/../lib/gcc] ==> [/home/opt/gcc-4.8.2.bpkg-r2/gcc-4.8.2.bpkg-r2/lib/gcc]
  collapse dir [/home/opt/gcc-4.8.2.bpkg-r2/gcc-4.8.2.bpkg-r2/sbin/../lib/gcc/x86_64-baidu-linux-gnu/4.8.2/../../../../lib64] ==> [/home/opt/gcc-4.8.2.bpkg-r2/gcc-4.8.2.bpkg-r2/lib64]
  collapse dir [/home/opt/gcc-4.8.2.bpkg-r2/gcc-4.8.2.bpkg-r2/sbin/../x86_64-baidu-linux-gnu/sys-root/lib/../lib64] ==> [/home/opt/gcc-4.8.2.bpkg-r2/gcc-4.8.2.bpkg-r2/x86_64-baidu-linux-gnu/sys-root/lib64]
  collapse dir [/home/opt/gcc-4.8.2.bpkg-r2/gcc-4.8.2.bpkg-r2/sbin/../x86_64-baidu-linux-gnu/sys-root/usr/lib/../lib64] ==> [/home/opt/gcc-4.8.2.bpkg-r2/gcc-4.8.2.bpkg-r2/x86_64-baidu-linux-gnu/sys-root/usr/lib64]
  collapse dir [/home/opt/gcc-4.8.2.bpkg-r2/gcc-4.8.2.bpkg-r2/sbin/../lib/gcc/x86_64-baidu-linux-gnu/4.8.2/../../../../x86_64-baidu-linux-gnu/lib] ==> [/home/opt/gcc-4.8.2.bpkg-r2/gcc-4.8.2.bpkg-r2/x86_64-baidu-linux-gnu/lib]
  collapse dir [/home/opt/gcc-4.8.2.bpkg-r2/gcc-4.8.2.bpkg-r2/sbin/../lib/gcc/x86_64-baidu-linux-gnu/4.8.2/../../..] ==> [/home/opt/gcc-4.8.2.bpkg-r2/gcc-4.8.2.bpkg-r2/lib]
  collapse dir [/home/opt/gcc-4.8.2.bpkg-r2/gcc-4.8.2.bpkg-r2/sbin/../x86_64-baidu-linux-gnu/sys-root/lib] ==> [/home/opt/gcc-4.8.2.bpkg-r2/gcc-4.8.2.bpkg-r2/x86_64-baidu-linux-gnu/sys-root/lib]
  collapse dir [/home/opt/gcc-4.8.2.bpkg-r2/gcc-4.8.2.bpkg-r2/sbin/../x86_64-baidu-linux-gnu/sys-root/usr/lib] ==> [/home/opt/gcc-4.8.2.bpkg-r2/gcc-4.8.2.bpkg-r2/x86_64-baidu-linux-gnu/sys-root/usr/lib]
  implicit libs: [stdc++;m;c]
  implicit dirs: [/home/opt/gcc-4.8.2.bpkg-r2/gcc-4.8.2.bpkg-r2/lib/gcc/x86_64-baidu-linux-gnu/4.8.2;/home/opt/gcc-4.8.2.bpkg-r2/gcc-4.8.2.bpkg-r2/lib/gcc;/home/opt/gcc-4.8.2.bpkg-r2/gcc-4.8.2.bpkg-r2/lib64;/home/opt/gcc-4.8.2.bpkg-r2/gcc-4.8.2.bpkg-r2/x86_64-baidu-linux-gnu/sys-root/lib64;/home/opt/gcc-4.8.2.bpkg-r2/gcc-4.8.2.bpkg-r2/x86_64-baidu-linux-gnu/sys-root/usr/lib64;/home/opt/gcc-4.8.2.bpkg-r2/gcc-4.8.2.bpkg-r2/x86_64-baidu-linux-gnu/lib;/home/opt/gcc-4.8.2.bpkg-r2/gcc-4.8.2.bpkg-r2/lib;/home/opt/gcc-4.8.2.bpkg-r2/gcc-4.8.2.bpkg-r2/x86_64-baidu-linux-gnu/sys-root/lib;/home/opt/gcc-4.8.2.bpkg-r2/gcc-4.8.2.bpkg-r2/x86_64-baidu-linux-gnu/sys-root/usr/lib]


